-------------------------------------------------------------------------------
Test set: com.petstore.tests.StoreTest
-------------------------------------------------------------------------------
Tests run: 4, Failures: 1, Errors: 0, Skipped: 0, Time elapsed: 0.083 sec <<< FAILURE! - in com.petstore.tests.StoreTest
DeleteTheCreatedOrder  Time elapsed: 0.025 sec  <<< FAILURE!
java.lang.AssertionError: 
1 expectation failed.
Expected status code <200> but was <405>.

	at com.petstore.tests.StoreTest.DeleteTheCreatedOrder(StoreTest.java:92)

